<?xml version="1.0" encoding="UTF-8"?>
<!-- Generated by org.testng.reporters.JUnitReportReporter -->
<testsuite skipped="0" hostname="LAPTOP-5I008H6Q" name="com.fisrtset.javaprog.GreatestOfAllNumbers" tests="3" failures="0" timestamp="22 Oct 2019 03:21:21 GMT" time="0.299" errors="0">
  <testcase name="greatestOfNumsWithList" time="0.006" classname="com.fisrtset.javaprog.GreatestOfAllNumbers"/>
  <testcase name="greatestOfNums" time="0.012" classname="com.fisrtset.javaprog.GreatestOfAllNumbers"/>
  <testcase name="greatestOfNumsUsingStream" time="0.281" classname="com.fisrtset.javaprog.GreatestOfAllNumbers"/>
</testsuite> <!-- com.fisrtset.javaprog.GreatestOfAllNumbers -->
