<?xml version="1.0" encoding="UTF-8"?>
<!-- Generated by org.testng.reporters.JUnitReportReporter -->
<testsuite skipped="2" hostname="LAPTOP-5I008H6Q" name="com.fisrtset.javaprog.Fibonacci" tests="3" failures="0" timestamp="20 Oct 2019 14:48:44 GMT" time="0.011" errors="0">
  <testcase name="fibWithoutThirdVar" time="0.011" classname="com.fisrtset.javaprog.Fibonacci"/>
  <testcase name="fib" classname="com.fisrtset.javaprog.Fibonacci">
    <skipped/>
  </testcase> <!-- fib -->
  <testcase name="practicefib" classname="com.fisrtset.javaprog.Fibonacci">
    <skipped/>
  </testcase> <!-- practicefib -->
</testsuite> <!-- com.fisrtset.javaprog.Fibonacci -->
