<?xml version="1.0" encoding="UTF-8"?>
<!-- Generated by org.testng.reporters.JUnitReportReporter -->
<testsuite skipped="2" hostname="LAPTOP-5I008H6Q" name="com.fisrtset.javaprog.GreatestOfAllNumbers" tests="3" failures="0" timestamp="03 Nov 2019 07:52:45 GMT" time="0.036" errors="0">
  <testcase name="greatestOfNumsUsingStream" time="0.036" classname="com.fisrtset.javaprog.GreatestOfAllNumbers"/>
  <testcase name="greatestOfNums" classname="com.fisrtset.javaprog.GreatestOfAllNumbers">
    <skipped/>
  </testcase> <!-- greatestOfNums -->
  <testcase name="greatestOfNumsWithList" classname="com.fisrtset.javaprog.GreatestOfAllNumbers">
    <skipped/>
  </testcase> <!-- greatestOfNumsWithList -->
</testsuite> <!-- com.fisrtset.javaprog.GreatestOfAllNumbers -->
