<?xml version="1.0" encoding="UTF-8"?>
<!-- Generated by org.testng.reporters.JUnitReportReporter -->
<testsuite skipped="3" hostname="LAPTOP-5I008H6Q" name="com.fisrtset.javaprog.Primenumbers" tests="4" failures="0" timestamp="09 Nov 2019 14:52:53 GMT" time="0.009" errors="0">
  <testcase name="practicePrimeNumberOrNot" time="0.009" classname="com.fisrtset.javaprog.Primenumbers"/>
  <testcase name="practiceFindPrimeNumbers" classname="com.fisrtset.javaprog.Primenumbers">
    <skipped/>
  </testcase> <!-- practiceFindPrimeNumbers -->
  <testcase name="findPrimeNumbers" classname="com.fisrtset.javaprog.Primenumbers">
    <skipped/>
  </testcase> <!-- findPrimeNumbers -->
  <testcase name="primeNumberOrNot" classname="com.fisrtset.javaprog.Primenumbers">
    <skipped/>
  </testcase> <!-- primeNumberOrNot -->
</testsuite> <!-- com.fisrtset.javaprog.Primenumbers -->
