<?xml version="1.0" encoding="UTF-8"?>
<!-- Generated by org.testng.reporters.JUnitReportReporter -->
<testsuite skipped="2" hostname="LAPTOP-5I008H6Q" name="com.fisrtset.javaprog.MoveAllZerosToEnd" tests="3" failures="0" timestamp="09 Nov 2019 12:02:09 GMT" time="0.012" errors="0">
  <testcase name="movingZerosToEndThruList" time="0.012" classname="com.fisrtset.javaprog.MoveAllZerosToEnd"/>
  <testcase name="movingZerosToEndThruLists" classname="com.fisrtset.javaprog.MoveAllZerosToEnd">
    <skipped/>
  </testcase> <!-- movingZerosToEndThruLists -->
  <testcase name="movingZerosToEnd" classname="com.fisrtset.javaprog.MoveAllZerosToEnd">
    <skipped/>
  </testcase> <!-- movingZerosToEnd -->
</testsuite> <!-- com.fisrtset.javaprog.MoveAllZerosToEnd -->
