<?xml version="1.0" encoding="UTF-8"?>
<!-- Generated by org.testng.reporters.JUnitReportReporter -->
<testsuite skipped="1" hostname="LAPTOP-5I008H6Q" name="com.fisrtset.javaprog.MoveAllZerosToEnd" tests="2" failures="0" timestamp="03 Nov 2019 09:09:43 GMT" time="0.010" errors="0">
  <testcase name="movingZerosToEnd" time="0.010" classname="com.fisrtset.javaprog.MoveAllZerosToEnd"/>
  <testcase name="movingZerosToEndThruLists" classname="com.fisrtset.javaprog.MoveAllZerosToEnd">
    <skipped/>
  </testcase> <!-- movingZerosToEndThruLists -->
</testsuite> <!-- com.fisrtset.javaprog.MoveAllZerosToEnd -->
